[297819:297819:0711/230457.781464:WARNING:chrome_main_delegate.cc(742)] This is Chrome version 126.0.6478.126 (not a warning)
[297819:297832:0711/230457.790404:ERROR:bus.cc(407)] Failed to connect to the bus: Failed to connect to socket /run/user/1000/bus: No such file or directory
[297819:297832:0711/230457.790786:ERROR:bus.cc(407)] Failed to connect to the bus: Failed to connect to socket /run/user/1000/bus: No such file or directory
[297819:297832:0711/230457.790953:ERROR:bus.cc(407)] Failed to connect to the bus: Failed to connect to socket /run/user/1000/bus: No such file or directory
[297819:297832:0711/230457.790974:ERROR:bus.cc(407)] Failed to connect to the bus: Failed to connect to socket /run/user/1000/bus: No such file or directory
[297819:297819:0711/230457.795099:WARNING:audio_manager_linux.cc(53)] Falling back to ALSA for audio output. PulseAudio is not available or could not be initialized.
[297819:297819:0711/230457.813120:ERROR:system_network_context_manager.cc(885)] Cannot use V8 Proxy resolver in single process mode.
[297819:297819:0711/230457.813565:INFO:chrome_browser_cloud_management_controller.cc(196)] No machine level policy manager exists.
[297819:297819:0711/230457.943507:ERROR:system_network_context_manager.cc(885)] Cannot use V8 Proxy resolver in single process mode.
[297819:297832:0711/230457.943624:ERROR:bus.cc(407)] Failed to connect to the bus: Failed to connect to socket /run/user/1000/bus: No such file or directory
[297819:297832:0711/230457.943799:ERROR:bus.cc(407)] Failed to connect to the bus: Failed to connect to socket /run/user/1000/bus: No such file or directory
[297819:297819:0711/230457.968945:ERROR:system_network_context_manager.cc(885)] Cannot use V8 Proxy resolver in single process mode.
[297819:297819:0711/230458.010765:WARNING:browser_management_service.cc(128)] EnterpriseLogoUrl fetch failed with error code -1 and MIME type 
[297819:297819:0711/230458.034661:WARNING:bluez_dbus_manager.cc(248)] Floss manager not present, cannot set Floss enable/disable.
[297871:297871:0711/230458.036673:WARNING:chrome_main_delegate.cc(323)] process type 'renderer' should be created through the zygote.
[297819:297883:0711/230458.084835:ERROR:object_proxy.cc(576)] Failed to call method: org.freedesktop.DBus.Properties.Get: object_path= /org/freedesktop/UPower: org.freedesktop.DBus.Error.ServiceUnknown: The name org.freedesktop.UPower was not provided by any .service files
[297819:297883:0711/230458.084890:WARNING:property.cc(144)] DaemonVersion: GetAndBlock: failed.
[297819:297883:0711/230458.085157:ERROR:object_proxy.cc(576)] Failed to call method: org.freedesktop.UPower.GetDisplayDevice: object_path= /org/freedesktop/UPower: org.freedesktop.DBus.Error.ServiceUnknown: The name org.freedesktop.UPower was not provided by any .service files
[297819:297883:0711/230458.085434:ERROR:object_proxy.cc(576)] Failed to call method: org.freedesktop.UPower.EnumerateDevices: object_path= /org/freedesktop/UPower: org.freedesktop.DBus.Error.ServiceUnknown: The name org.freedesktop.UPower was not provided by any .service files
[297884:297884:0711/230458.117885:WARNING:chrome_main_delegate.cc(323)] process type 'renderer' should be created through the zygote.
[297895:297895:0711/230458.176432:WARNING:chrome_main_delegate.cc(323)] process type 'renderer' should be created through the zygote.
[297819:297819:0711/230458.267552:INFO:CONSOLE(3)] "JQMIGRATE: Migrate is installed, version 3.4.0", source: https://www.agc.gov.sg/Telerik.Web.UI.WebResource.axd?_TSM_HiddenField_=ctl08_TSM&compress=0&_TSM_CombinedScripts_=%3b%3bTelerik.Sitefinity.Resources%3aen%3aaed87611-718c-43af-bad7-20fefea09a79%3a9ced59e7 (3)
[297819:297819:0711/230458.281041:INFO:CONSOLE(2)] "JQMIGRATE: Migrate is installed", source: https://www.agc.gov.sg/Sitefinity/WebsiteTemplates/AGC/Kendo/js/jquery-migrate.js (2)
[297819:297819:0711/230458.422147:INFO:CONSOLE(194)] "Lit is in dev mode. Not recommended for production! See https://lit.dev/msg/dev-mode for more information.", source: https://cdn.jsdelivr.net/npm/@govtechsg/sgds-web-component@1.2.3/components/Masthead/index.umd.js (194)
[297911:297911:0711/230459.048228:WARNING:chrome_main_delegate.cc(323)] process type 'renderer' should be created through the zygote.
[297819:297819:0711/230459.095407:INFO:CONSOLE(0)] "The source list for the Content Security Policy directive 'script-src' contains an invalid source: '#'. It will be ignored.", source: https://www.ago.gov.sg/ (0)
[297927:297927:0711/230459.677235:WARNING:chrome_main_delegate.cc(323)] process type 'renderer' should be created through the zygote.
[297944:297944:0711/230459.901735:WARNING:chrome_main_delegate.cc(323)] process type 'renderer' should be created through the zygote.
[298042:298042:0711/230504.722623:WARNING:chrome_main_delegate.cc(323)] process type 'renderer' should be created through the zygote.
[297819:297819:0711/230505.008849:INFO:CONSOLE(12)] "window onload", source: https://www.istana.gov.sg/Cwp/assets/istana/scripts/main.js (12)
[298057:298057:0711/230505.267590:WARNING:chrome_main_delegate.cc(323)] process type 'renderer' should be created through the zygote.
[297819:297819:0711/230505.317615:INFO:CONSOLE(12)] "window onunload", source: https://www.istana.gov.sg/Cwp/assets/istana/scripts/main.js (12)
[297819:297819:0711/230505.606988:INFO:CONSOLE(3)] "Hotjar not launching due to suspicious userAgent: Mozilla/5.0 (X11; Linux x86_64) AppleWebKit/537.36 (KHTML, like Gecko) HeadlessChrome/126.0.0.0 Safari/537.36", source: https://static.hotjar.com/c/hotjar-2196393.js?sv=7 (3)
[298081:298081:0711/230506.004399:WARNING:chrome_main_delegate.cc(323)] process type 'renderer' should be created through the zygote.
[297819:297819:0711/230506.021712:INFO:CONSOLE(0)] "Error with Permissions-Policy header: Unrecognized feature: 'ambient-light-sensor'.", source:  (0)
[297819:297819:0711/230506.022124:INFO:CONSOLE(0)] "Error with Permissions-Policy header: Unrecognized feature: 'battery'.", source:  (0)
[297819:297819:0711/230506.022386:INFO:CONSOLE(0)] "Error with Permissions-Policy header: Unrecognized feature: 'document-domain'.", source:  (0)
[297819:297819:0711/230506.022423:INFO:CONSOLE(0)] "Error with Permissions-Policy header: Unrecognized feature: 'execution-while-not-rendered'.", source:  (0)
[297819:297819:0711/230506.022551:INFO:CONSOLE(0)] "Error with Permissions-Policy header: Unrecognized feature: 'execution-while-out-of-viewport'.", source:  (0)
[297819:297819:0711/230506.022729:INFO:CONSOLE(0)] "Error with Permissions-Policy header: Unrecognized feature: 'navigation-override'.", source:  (0)
[297819:297819:0711/230506.023437:INFO:CONSOLE(0)] "Error with Permissions-Policy header: Unrecognized feature: 'web-share'.", source:  (0)
[297819:297819:0711/230506.186497:INFO:CONSOLE(0)] "Refused to load the script 'https://assets.dcube.cloud/scripts/wogaa.js' because it violates the following Content Security Policy directive: "script-src 'self' *.googleapis.com *.gstatic.com www.google.com apis.google.com connect.facebook.net ajax.aspnetcdn.com https://www.youtube.com platform.twitter.com https://syndication.twitter.com/ https://s.ytimg.com https://publish.twitter.com *.twimg.com platform.linkedin.com http://platform.stumbleupon.com/1/widgets.js https://*.googletagmanager.com https://www.googletagmanager.com www.google-analytics.com https://assets.wogaa.sg cdn.ampproject.org https://cdn.insight.sitefinity.com https://dec.azureedge.net web-chat.nativechat.com 'unsafe-inline' 'unsafe-eval'". Note that 'script-src-elem' was not explicitly set, so 'script-src' is used as a fallback.
", source: https://www.parliament.gov.sg/ (0)
[297819:297819:0711/230506.196171:INFO:CONSOLE(518)] "Uncaught TypeError: Cannot read properties of null (reading 'addEventListener')", source: https://www.parliament.gov.sg/ (518)
[297819:297819:0711/230506.399982:INFO:CONSOLE(7)] "Refused to connect to 'https://snowplow-web.wogaa.sg/sg.wogaa/cs1' because it violates the following Content Security Policy directive: "connect-src 'self' data: accounts.google.com *.gstatic.com https://*.googletagmanager.com https://*.google-analytics.com https://*.insight.sitefinity.com https://*.dec.sitefinity.com".
", source: https://assets.wogaa.sg/snowplow/3.13.1/sp.js (7)
[298109:298109:0711/230506.699650:WARNING:chrome_main_delegate.cc(323)] process type 'renderer' should be created through the zygote.
[298142:298142:0711/230507.372558:WARNING:chrome_main_delegate.cc(323)] process type 'renderer' should be created through the zygote.
[298143:298143:0711/230507.386254:WARNING:chrome_main_delegate.cc(323)] process type 'renderer' should be created through the zygote.
[297819:297819:0711/230507.528939:INFO:CONSOLE(194)] "Lit is in dev mode. Not recommended for production! See https://lit.dev/msg/dev-mode for more information.", source: https://cdn.jsdelivr.net/npm/@govtechsg/sgds-web-component/Masthead/index.js (194)
[297819:297819:0711/230508.208570:WARNING:pref_notifier_impl.cc(41)] Pref observer for media_router.cast_allow_all_ips found at shutdown.
